<?xml version="1.0" encoding="UTF-8"?>
<!-- Generated by org.testng.reporters.JUnitReportReporter -->
<testsuite hostname="LAPTOP-C7CDLECM" failures="0" tests="1" name="com.saucedemo.TestPack.TC04_VerifyLogoutFunctionality" time="0.987" errors="0" timestamp="2023-03-08T12:04:57 IST" skipped="0">
  <testcase classname="com.saucedemo.TestPack.TC04_VerifyLogoutFunctionality" name="verifyLogoutFunctionality" time="0.987"/>
  <system-out/>
</testsuite> <!-- com.saucedemo.TestPack.TC04_VerifyLogoutFunctionality -->
