<?xml version="1.0" encoding="UTF-8"?>
<!-- Generated by org.testng.reporters.JUnitReportReporter -->
<testsuite hostname="LAPTOP-C7CDLECM" failures="0" tests="1" name="com.saucedemo.TestPack.TC02_VerifyBagPrdtAddToCartFunctionality" time="0.924" errors="0" timestamp="2023-03-08T12:04:57 IST" skipped="0">
  <testcase classname="com.saucedemo.TestPack.TC02_VerifyBagPrdtAddToCartFunctionality" name="verifyBagPrdtAddToCartFunctionality" time="0.924"/>
  <system-out/>
</testsuite> <!-- com.saucedemo.TestPack.TC02_VerifyBagPrdtAddToCartFunctionality -->
