<?xml version="1.0" encoding="UTF-8"?>
<!-- Generated by org.testng.reporters.JUnitReportReporter -->
<testsuite hostname="LAPTOP-C7CDLECM" failures="0" tests="1" name="com.saucedemo.TestPack.TC03_VerifyAllPrdtAddToCartFunctionality" time="2.441" errors="0" timestamp="2023-03-08T12:04:57 IST" skipped="0">
  <testcase classname="com.saucedemo.TestPack.TC03_VerifyAllPrdtAddToCartFunctionality" name="verifyBagPrdtAddToCartFunctionality" time="2.441"/>
  <system-out/>
</testsuite> <!-- com.saucedemo.TestPack.TC03_VerifyAllPrdtAddToCartFunctionality -->
